c:\users\administrator\source\repos\gamev5\gamev5\x64\release\vc142.pdb
c:\users\administrator\source\repos\gamev5\gamev5\x64\release\gamev5view.obj
c:\users\administrator\source\repos\gamev5\gamev5\x64\release\gamev5.obj
c:\users\administrator\source\repos\gamev5\gamev5\x64\release\brick.obj
c:\users\administrator\source\repos\gamev5\gamev5\x64\release\gamev5.pch
c:\users\administrator\source\repos\gamev5\gamev5\x64\release\pch.obj
c:\users\administrator\source\repos\gamev5\gamev5\x64\release\mymath.obj
c:\users\administrator\source\repos\gamev5\gamev5\x64\release\mainfrm.obj
c:\users\administrator\source\repos\gamev5\gamev5\x64\release\gamev5doc.obj
c:\users\administrator\source\repos\gamev5\gamev5\x64\release\ball.obj
c:\users\administrator\source\repos\gamev5\x64\release\gamev5.exe
c:\users\administrator\source\repos\gamev5\gamev5\x64\release\gamev5.ipdb
c:\users\administrator\source\repos\gamev5\gamev5\x64\release\gamev5.iobj
c:\users\administrator\source\repos\gamev5\x64\release\gamev5.pdb
c:\users\administrator\source\repos\gamev5\gamev5\x64\release\gamev5.res
c:\users\administrator\source\repos\gamev5\gamev5\x64\release\gamev5.tlog\cl.command.1.tlog
c:\users\administrator\source\repos\gamev5\gamev5\x64\release\gamev5.tlog\cl.read.1.tlog
c:\users\administrator\source\repos\gamev5\gamev5\x64\release\gamev5.tlog\cl.write.1.tlog
c:\users\administrator\source\repos\gamev5\gamev5\x64\release\gamev5.tlog\link.command.1.tlog
c:\users\administrator\source\repos\gamev5\gamev5\x64\release\gamev5.tlog\link.read.1.tlog
c:\users\administrator\source\repos\gamev5\gamev5\x64\release\gamev5.tlog\link.write.1.tlog
c:\users\administrator\source\repos\gamev5\gamev5\x64\release\gamev5.tlog\rc.command.1.tlog
c:\users\administrator\source\repos\gamev5\gamev5\x64\release\gamev5.tlog\rc.read.1.tlog
c:\users\administrator\source\repos\gamev5\gamev5\x64\release\gamev5.tlog\rc.write.1.tlog
